[INFO ] 2020-08-07 09:58:58.112 [main] Main - total parsed records: 10
[INFO ] 2020-08-07 09:58:58.115 [main] Main - Total skipped Records : 0
[INFO ] 2020-08-07 09:58:58.115 [main] Main - Total no of  Records in excel  : 10
[INFO ] 2020-08-07 09:59:24.659 [main] Main - image not found for ScanCode : 4900000044
[INFO ] 2020-08-07 09:59:55.284 [main] Main - image not found for ScanCode : 4900000045
[INFO ] 2020-08-07 10:00:47.859 [main] Main - image not found for ScanCode : 4900000764
[INFO ] 2020-08-07 10:04:13.445 [main] Main - Total no of  Records in excel  : 10
[INFO ] 2020-08-07 10:04:13.448 [main] Main - total parsed records: 10
[INFO ] 2020-08-07 10:04:13.448 [main] Main - Total skipped Records : 0
[INFO ] 2020-08-07 10:04:44.689 [main] Main - image not found for ScanCode : 4900000044
[INFO ] 2020-08-07 10:05:15.750 [main] Main - image not found for ScanCode : 4900000045
[INFO ] 2020-08-07 10:06:10.894 [main] Main - image not found for ScanCode : 4900000764
[INFO ] 2020-08-10 00:11:47.262 [main] Main - Total no of  Records in excel  : 10
[INFO ] 2020-08-10 00:11:47.267 [main] Main - total parsed records: 10
[INFO ] 2020-08-10 00:11:47.267 [main] Main - Total skipped Records : 0
[INFO ] 2020-08-10 00:12:13.231 [main] UtilServices - image not found for ScanCode : 4900000044
[INFO ] 2020-08-10 00:12:42.595 [main] UtilServices - image not found for ScanCode : 4900000045
[INFO ] 2020-08-10 00:13:33.206 [main] UtilServices - image not found for ScanCode : 4900000764
[INFO ] 2020-08-10 00:15:50.314 [main] Main - Total no of  Records in excel  : 10
[INFO ] 2020-08-10 00:15:50.317 [main] Main - total parsed records: 10
[INFO ] 2020-08-10 00:15:50.317 [main] Main - Total skipped Records : 0
[INFO ] 2020-08-10 00:16:14.989 [main] UtilServices - image not found for ScanCode : 4900000044
[INFO ] 2020-08-10 00:16:44.258 [main] UtilServices - image not found for ScanCode : 4900000045
[INFO ] 2020-08-10 00:17:34.646 [main] UtilServices - image not found for ScanCode : 4900000764
[ERROR] 2020-08-10 00:18:46.812 [main] Main - Exception occured while loading data
[ERROR] 2020-08-10 00:22:19.510 [main] Main - Exception occured while loading data
[INFO ] 2020-08-10 00:22:48.845 [main] Main - Total no of  Records in excel  : 10
[INFO ] 2020-08-10 00:22:48.849 [main] Main - total parsed records: 10
[INFO ] 2020-08-10 00:22:48.849 [main] Main - Total skipped Records : 0
[INFO ] 2020-08-10 00:23:14.066 [main] UtilServices - image not found for ScanCode : 4900000044
[INFO ] 2020-08-10 00:23:43.432 [main] UtilServices - image not found for ScanCode : 4900000045
[INFO ] 2020-08-10 00:24:34.960 [main] UtilServices - image not found for ScanCode : 4900000764
[INFO ] 2020-08-10 00:32:30.000 [main] Main - Total no of  Records in excel  : 10
[INFO ] 2020-08-10 00:32:30.004 [main] Main - total parsed records: 10
[INFO ] 2020-08-10 00:32:30.005 [main] Main - Total skipped Records : 0
[INFO ] 2020-08-10 00:32:55.069 [main] UtilServices - image not found for ScanCode : 4900000044
[INFO ] 2020-08-10 00:33:24.469 [main] UtilServices - image not found for ScanCode : 4900000045
[INFO ] 2020-08-10 00:34:15.333 [main] UtilServices - image not found for ScanCode : 4900000764
[INFO ] 2020-08-10 00:35:04.644 [main] Main - Total no of  Records in excel  : 3
[INFO ] 2020-08-10 00:35:04.647 [main] Main - total parsed records: 0
[INFO ] 2020-08-10 00:35:04.647 [main] Main - Total skipped Records : 3
[INFO ] 2020-08-10 00:37:07.212 [main] Main - Total no of  Records in excel  : 3
[INFO ] 2020-08-10 00:37:07.219 [main] Main - total parsed records: 0
[INFO ] 2020-08-10 00:37:07.220 [main] Main - Total skipped Records : 3
[INFO ] 2020-08-10 00:38:24.952 [main] Main - Total no of  Records in excel  : 3
[INFO ] 2020-08-10 00:38:24.954 [main] Main - total parsed records: 0
[INFO ] 2020-08-10 00:38:24.954 [main] Main - Total skipped Records : 3
[INFO ] 2020-08-10 08:52:47.928 [main] Main - Total no of  Records in excel  : 3
[INFO ] 2020-08-10 08:52:47.931 [main] Main - total parsed records: 0
[INFO ] 2020-08-10 08:52:47.931 [main] Main - Total skipped Records : 3
[INFO ] 2020-08-10 09:00:05.844 [main] Main - Total no of  Records in excel  : 10
[INFO ] 2020-08-10 09:00:05.848 [main] Main - total parsed records: 10
[INFO ] 2020-08-10 09:00:05.849 [main] Main - Total skipped Records : 0
[INFO ] 2020-08-10 09:00:42.047 [main] UtilServices - image not found for ScanCode : 4900000044
[INFO ] 2020-08-10 09:01:11.881 [main] UtilServices - image not found for ScanCode : 4900000045
[INFO ] 2020-08-10 09:02:03.081 [main] UtilServices - image not found for ScanCode : 4900000764
[ERROR] 2020-08-10 09:09:52.678 [main] Main - Exception occured while loading data
[ERROR] 2020-08-11 19:29:12.773 [main] Main - Exception occured while loading data
[INFO ] 2020-08-11 19:33:30.023 [main] Main - Total no of  Records in excel  : 10
[INFO ] 2020-08-11 19:33:30.032 [main] Main - total parsed records: 10
[INFO ] 2020-08-11 19:33:30.033 [main] Main - Total skipped Records : 0
[INFO ] 2020-08-11 19:34:07.815 [main] UtilServices - image not found for ScanCode : 4900000044
[INFO ] 2020-08-11 19:49:09.119 [main] Main - Total no of  Records in excel  : 10
[INFO ] 2020-08-11 19:49:09.124 [main] Main - total parsed records: 10
[INFO ] 2020-08-11 19:49:09.124 [main] Main - Total skipped Records : 0
[INFO ] 2020-08-11 19:50:09.024 [main] Main - Total no of  Records in excel  : 10
[INFO ] 2020-08-11 19:50:09.030 [main] Main - total parsed records: 10
[INFO ] 2020-08-11 19:50:09.030 [main] Main - Total skipped Records : 0
[INFO ] 2020-08-11 20:09:22.437 [main] UtilServices - image process started....
[INFO ] 2020-08-11 20:12:01.741 [main] UtilServices - image process started....
[INFO ] 2020-08-11 20:16:57.418 [main] UtilServices - image process started....
[INFO ] 2020-08-11 20:19:43.856 [main] UtilServices - image process started....
[INFO ] 2020-08-19 18:43:07.558 [main] UtilServices - image process started....
[INFO ] 2020-08-19 19:00:16.840 [main] UtilServices - image process started....
[INFO ] 2020-08-19 19:01:04.299 [main] UtilServices - Total no of  Records in excel  : 10
[INFO ] 2020-08-19 19:01:04.299 [main] UtilServices - total parsed records: 10
[INFO ] 2020-08-19 19:01:04.299 [main] UtilServices - Total skipped Records : 0
[INFO ] 2020-08-19 19:02:54.655 [main] UtilServices - image process started....
[INFO ] 2020-08-19 19:04:51.215 [main] UtilServices - image process started....
[INFO ] 2020-08-19 19:05:40.482 [main] UtilServices - Total no of  Records in excel  : 10
[INFO ] 2020-08-19 19:05:40.482 [main] UtilServices - total parsed records: 10
[INFO ] 2020-08-19 19:05:40.483 [main] UtilServices - Total skipped Records : 0
[INFO ] 2020-08-19 19:12:35.478 [main] UtilServices - image process started....
[INFO ] 2020-08-19 19:13:13.449 [main] UtilServices - Total no of  Records in excel  : 10
[INFO ] 2020-08-19 19:13:13.449 [main] UtilServices - total parsed records: 10
[INFO ] 2020-08-19 19:13:13.449 [main] UtilServices - Total skipped Records : 0
[INFO ] 2020-08-19 19:20:39.858 [main] UtilServices - image process started....
[INFO ] 2020-08-19 19:21:11.847 [main] UtilServices - Total no of  Records in excel  : 10
[INFO ] 2020-08-19 19:21:11.847 [main] UtilServices - total parsed records: 10
[INFO ] 2020-08-19 19:21:11.847 [main] UtilServices - Total skipped Records : 0
[INFO ] 2020-08-19 19:24:38.245 [main] UtilServices - image process started....
[INFO ] 2020-08-19 19:25:11.807 [main] UtilServices - Total no of  Records in excel  : 10
[INFO ] 2020-08-19 19:25:11.807 [main] UtilServices - total parsed records: 10
[INFO ] 2020-08-19 19:25:11.808 [main] UtilServices - Total skipped Records : 0
[INFO ] 2020-08-19 19:32:13.013 [main] UtilServices - image process started....
[INFO ] 2020-08-19 19:33:42.717 [main] UtilServices - image process started....
[INFO ] 2020-08-19 19:34:19.943 [main] UtilServices - image process started....
[INFO ] 2020-08-19 19:35:18.941 [main] UtilServices - image process started....
[INFO ] 2020-08-19 19:35:51.333 [main] UtilServices - image process started....
[INFO ] 2020-08-19 19:36:42.169 [main] UtilServices - Total no of  Records in excel  : 10
[INFO ] 2020-08-19 19:36:42.169 [main] UtilServices - total parsed records: 10
[INFO ] 2020-08-19 19:36:42.170 [main] UtilServices - Total skipped Records : 0
[INFO ] 2020-08-19 19:37:34.110 [main] UtilServices - image process started....
[INFO ] 2020-08-25 21:04:38.859 [main] UtilServices - image process started....
[INFO ] 2020-08-25 21:05:15.144 [main] UtilServices - Total no of  Records in excel  : 10
[INFO ] 2020-08-25 21:05:15.145 [main] UtilServices - total parsed records: 10
[INFO ] 2020-08-25 21:05:15.145 [main] UtilServices - Total skipped Records : 0
[INFO ] 2020-08-25 21:32:03.073 [main] UtilServices - image process started....
[INFO ] 2020-08-25 21:32:51.274 [main] UtilServices - Total no of  Records in excel  : 10
[INFO ] 2020-08-25 21:32:51.274 [main] UtilServices - total parsed records: 10
[INFO ] 2020-08-25 21:32:51.274 [main] UtilServices - Total skipped Records : 0
[INFO ] 2020-08-26 15:17:24.996 [main] UtilServices - image process started....
[INFO ] 2020-08-26 15:18:25.734 [main] UtilServices - Total no of  Records in excel  : 10
[INFO ] 2020-08-26 15:18:25.734 [main] UtilServices - total parsed records: 10
[INFO ] 2020-08-26 15:18:25.734 [main] UtilServices - Total skipped Records : 0
[INFO ] 2020-08-26 15:31:06.107 [main] UtilServices - image process started....
[INFO ] 2020-08-26 15:31:45.454 [main] UtilServices - Total no of  Records in excel  : 10
[INFO ] 2020-08-26 15:31:45.455 [main] UtilServices - total parsed records: 10
[INFO ] 2020-08-26 15:31:45.455 [main] UtilServices - Total skipped Records : 0
[INFO ] 2020-08-26 15:39:06.071 [main] UtilServices - image process started....
[INFO ] 2020-08-26 15:39:47.214 [main] UtilServices - Total no of  Records in excel  : 10
[INFO ] 2020-08-26 15:39:47.215 [main] UtilServices - total parsed records: 10
[INFO ] 2020-08-26 15:39:47.215 [main] UtilServices - Total skipped Records : 0
[INFO ] 2020-08-26 15:41:09.313 [main] UtilServices - image process started....
[INFO ] 2020-08-26 15:41:48.902 [main] UtilServices - Total no of  Records in excel  : 10
[INFO ] 2020-08-26 15:41:48.902 [main] UtilServices - total parsed records: 10
[INFO ] 2020-08-26 15:41:48.903 [main] UtilServices - Total skipped Records : 0
[INFO ] 2020-08-26 15:45:35.216 [main] UtilServices - image process started....
[INFO ] 2020-08-26 15:46:19.061 [main] UtilServices - Total no of  Records in excel  : 10
[INFO ] 2020-08-26 15:46:19.061 [main] UtilServices - total parsed records: 10
[INFO ] 2020-08-26 15:46:19.061 [main] UtilServices - Total skipped Records : 0
[INFO ] 2020-08-26 16:06:15.766 [main] UtilServices - image process started....
[INFO ] 2020-08-26 16:06:58.582 [main] UtilServices - Total no of  Records in excel  : 10
[INFO ] 2020-08-26 16:06:58.582 [main] UtilServices - total parsed records: 10
[INFO ] 2020-08-26 16:06:58.582 [main] UtilServices - Total skipped Records : 0
[INFO ] 2020-08-26 16:11:39.820 [main] UtilServices - image process started....
[INFO ] 2020-08-26 16:12:19.884 [main] UtilServices - Total no of  Records in excel  : 10
[INFO ] 2020-08-26 16:12:19.884 [main] UtilServices - total parsed records: 10
[INFO ] 2020-08-26 16:12:19.884 [main] UtilServices - Total skipped Records : 0
[INFO ] 2020-08-26 16:17:45.555 [main] UtilServices - image process started....
[INFO ] 2020-08-26 16:18:23.777 [main] UtilServices - Total no of  Records in excel  : 10
[INFO ] 2020-08-26 16:18:23.777 [main] UtilServices - total parsed records: 10
[INFO ] 2020-08-26 16:18:23.777 [main] UtilServices - Total skipped Records : 0
[INFO ] 2020-08-26 16:19:57.161 [main] UtilServices - image process started....
[INFO ] 2020-08-26 16:20:44.407 [main] UtilServices - Total no of  Records in excel  : 10
[INFO ] 2020-08-26 16:20:44.407 [main] UtilServices - total parsed records: 10
[INFO ] 2020-08-26 16:20:44.408 [main] UtilServices - Total skipped Records : 0
[INFO ] 2020-08-26 16:22:32.870 [main] UtilServices - image process started....
[INFO ] 2020-08-26 16:23:18.688 [main] UtilServices - Total no of  Records in excel  : 10
[INFO ] 2020-08-26 16:23:18.688 [main] UtilServices - total parsed records: 10
[INFO ] 2020-08-26 16:23:18.689 [main] UtilServices - Total skipped Records : 0
[INFO ] 2020-08-26 16:29:49.810 [main] UtilServices - image process started....
[INFO ] 2020-08-26 16:30:33.009 [main] UtilServices - Total no of  Records in excel  : 10
[INFO ] 2020-08-26 16:30:33.010 [main] UtilServices - total parsed records: 10
[INFO ] 2020-08-26 16:30:33.010 [main] UtilServices - Total skipped Records : 0
[INFO ] 2020-08-27 22:12:32.790 [main] UtilServices - image process started....
[INFO ] 2020-08-27 22:13:45.950 [main] UtilServices - Total no of  Records in excel  : 10
[INFO ] 2020-08-27 22:13:45.950 [main] UtilServices - total parsed records: 10
[INFO ] 2020-08-27 22:13:45.950 [main] UtilServices - Total skipped Records : 0
[INFO ] 2020-08-27 22:27:21.465 [main] UtilServices - image process started....
[INFO ] 2020-08-27 22:28:04.870 [main] UtilServices - Total no of  Records in excel  : 10
[INFO ] 2020-08-27 22:28:04.872 [main] UtilServices - total parsed records: 10
[INFO ] 2020-08-27 22:28:04.872 [main] UtilServices - Total skipped Records : 0
[INFO ] 2020-08-27 22:28:23.632 [main] UtilServices - image process started....
[INFO ] 2020-08-27 22:34:07.647 [main] UtilServices - image process started....
[INFO ] 2020-08-27 22:38:43.822 [main] UtilServices - image process started....
[INFO ] 2020-08-27 22:40:18.957 [main] UtilServices - image process started....
[INFO ] 2020-08-27 22:40:56.557 [main] UtilServices - Total no of  Records in excel  : 10
[INFO ] 2020-08-27 22:40:56.558 [main] UtilServices - total parsed records: 10
[INFO ] 2020-08-27 22:40:56.558 [main] UtilServices - Total skipped Records : 0
[INFO ] 2020-08-27 22:41:47.728 [main] UtilServices - image process started....
[INFO ] 2020-08-27 22:42:22.143 [main] UtilServices - Total no of  Records in excel  : 10
[INFO ] 2020-08-27 22:42:22.143 [main] UtilServices - total parsed records: 10
[INFO ] 2020-08-27 22:42:22.143 [main] UtilServices - Total skipped Records : 0
[INFO ] 2020-08-27 22:50:10.581 [main] UtilServices - image process started....
[INFO ] 2020-08-27 22:50:56.068 [main] UtilServices - Total no of  Records in excel  : 10
[INFO ] 2020-08-27 22:50:56.068 [main] UtilServices - total parsed records: 10
[INFO ] 2020-08-27 22:50:56.068 [main] UtilServices - Total skipped Records : 0
[INFO ] 2020-08-27 22:59:18.346 [main] UtilServices - image process started....
[INFO ] 2020-08-27 22:59:54.128 [main] UtilServices - Total no of  Records in excel  : 10
[INFO ] 2020-08-27 22:59:54.128 [main] UtilServices - total parsed records: 10
[INFO ] 2020-08-27 22:59:54.129 [main] UtilServices - Total skipped Records : 0
[INFO ] 2020-08-27 23:11:50.919 [main] UtilServices - image process started....
[INFO ] 2020-08-27 23:12:31.921 [main] UtilServices - Total no of  Records in excel  : 10
[INFO ] 2020-08-27 23:12:31.921 [main] UtilServices - total parsed records: 10
[INFO ] 2020-08-27 23:12:31.921 [main] UtilServices - Total skipped Records : 0
[INFO ] 2020-08-27 23:15:57.361 [main] UtilServices - image process started....
[INFO ] 2020-08-27 23:16:40.473 [main] UtilServices - Total no of  Records in excel  : 10
[INFO ] 2020-08-27 23:16:40.473 [main] UtilServices - total parsed records: 10
[INFO ] 2020-08-27 23:16:40.473 [main] UtilServices - Total skipped Records : 0
[INFO ] 2020-08-27 23:21:29.261 [main] UtilServices - image process started....
[INFO ] 2020-08-27 23:22:11.232 [main] UtilServices - Total no of  Records in excel  : 10
[INFO ] 2020-08-27 23:22:11.233 [main] UtilServices - total parsed records: 10
[INFO ] 2020-08-27 23:22:11.233 [main] UtilServices - Total skipped Records : 0
[INFO ] 2020-08-27 23:26:24.742 [main] UtilServices - image process started....
[INFO ] 2020-08-27 23:27:18.472 [main] UtilServices - Total no of  Records in excel  : 10
[INFO ] 2020-08-27 23:27:18.473 [main] UtilServices - total parsed records: 10
[INFO ] 2020-08-27 23:27:18.473 [main] UtilServices - Total skipped Records : 0
[INFO ] 2020-08-27 23:30:54.369 [main] UtilServices - image process started....
[INFO ] 2020-08-27 23:31:38.446 [main] UtilServices - Total no of  Records in excel  : 10
[INFO ] 2020-08-27 23:31:38.447 [main] UtilServices - total parsed records: 10
[INFO ] 2020-08-27 23:31:38.447 [main] UtilServices - Total skipped Records : 0
[INFO ] 2020-08-27 23:46:30.176 [main] UtilServices - image process started....
[INFO ] 2020-08-27 23:48:39.783 [main] UtilServices - Total no of  Records in excel  : 10
[INFO ] 2020-08-27 23:48:39.783 [main] UtilServices - total parsed records: 10
[INFO ] 2020-08-27 23:48:39.783 [main] UtilServices - Total skipped Records : 0
[INFO ] 2020-08-27 23:49:36.343 [main] UtilServices - image process started....
[INFO ] 2020-08-27 23:50:51.051 [main] UtilServices - Total no of  Records in excel  : 10
[INFO ] 2020-08-27 23:50:51.052 [main] UtilServices - total parsed records: 10
[INFO ] 2020-08-27 23:50:51.052 [main] UtilServices - Total skipped Records : 0
[INFO ] 2020-08-27 23:53:15.987 [main] UtilServices - image process started....
[INFO ] 2020-08-27 23:54:12.858 [main] UtilServices - Total no of  Records in excel  : 10
[INFO ] 2020-08-27 23:54:12.858 [main] UtilServices - total parsed records: 10
[INFO ] 2020-08-27 23:54:12.859 [main] UtilServices - Total skipped Records : 0
[INFO ] 2020-08-27 23:57:56.775 [main] UtilServices - image process started....
[INFO ] 2020-08-27 23:58:52.757 [main] UtilServices - Total no of  Records in excel  : 10
[INFO ] 2020-08-27 23:58:52.757 [main] UtilServices - total parsed records: 10
[INFO ] 2020-08-27 23:58:52.757 [main] UtilServices - Total skipped Records : 0
[INFO ] 2020-08-28 00:03:52.134 [main] UtilServices - image process started....
[INFO ] 2020-08-28 00:04:38.421 [main] UtilServices - Total no of  Records in excel  : 10
[INFO ] 2020-08-28 00:04:38.421 [main] UtilServices - total parsed records: 10
[INFO ] 2020-08-28 00:04:38.421 [main] UtilServices - Total skipped Records : 0
[INFO ] 2020-08-28 00:05:55.035 [main] UtilServices - image process started....
[INFO ] 2020-08-28 00:06:43.392 [main] UtilServices - Total no of  Records in excel  : 10
[INFO ] 2020-08-28 00:06:43.392 [main] UtilServices - total parsed records: 10
[INFO ] 2020-08-28 00:06:43.392 [main] UtilServices - Total skipped Records : 0
[INFO ] 2020-08-29 16:03:45.084 [main] UtilServices - image process started....
[INFO ] 2020-08-29 16:04:51.558 [main] UtilServices - Total no of  Records in excel  : 10
[INFO ] 2020-08-29 16:04:51.559 [main] UtilServices - total parsed records: 10
[INFO ] 2020-08-29 16:04:51.559 [main] UtilServices - Total skipped Records : 0
